<?xml version="1.0" encoding="UTF-8"?>
<testng-results ignored="0" total="1" passed="1" failed="0" skipped="0">
  <reporter-output>
  </reporter-output>
  <suite started-at="2024-10-21T10:48:19Z" name="Default suite" finished-at="2024-10-21T10:48:28Z" duration-ms="8911">
    <groups>
    </groups>
    <test started-at="2024-10-21T10:48:19Z" name="Default test" finished-at="2024-10-21T10:48:28Z" duration-ms="8911">
      <class name="php_Site.withoutFindBy">
        <test-method signature="login()[pri:0, instance:php_Site.withoutFindBy@43f02ef2]" started-at="2024-10-21T16:18:19Z" name="login" finished-at="2024-10-21T16:18:28Z" duration-ms="8896" status="PASS">
          <reporter-output>
          </reporter-output>
        </test-method> <!-- login -->
      </class> <!-- php_Site.withoutFindBy -->
    </test> <!-- Default test -->
  </suite> <!-- Default suite -->
</testng-results>
